<?xml version="1.0" encoding="UTF-8"?>
<!-- Generated by org.testng.reporters.JUnitXMLReporter -->
<testsuite ignored="0" hostname="LAP_S_073" failures="1" tests="1" name="ReadParameters" time="17.849" errors="0" timestamp="2025-06-13T16:17:42 IST">
  <testcase classname="com.TestNGDemo.TricenticsSilver" name="EnterVehicleData" time="0.0">
    <failure type="org.testng.TestNGException" message="
Cannot inject @Test annotated Method [EnterVehicleData] with [class java.lang.String].
For more information on native dependency injection please refer to https://testng.org/#_dependency_injection">
      <![CDATA[org.testng.TestNGException: 
Cannot inject @Test annotated Method [EnterVehicleData] with [class java.lang.String].
For more information on native dependency injection please refer to https://testng.org/#_dependency_injection
at java.base/java.util.ArrayList.forEach(ArrayList.java:1604)
... Removed 26 stack frames]]>
    </failure>
  </testcase> <!-- EnterVehicleData -->
</testsuite> <!-- ReadParameters -->
