<?xml version="1.0" encoding="UTF-8"?>
<testng-results ignored="0" total="1" passed="1" failed="0" skipped="0">
  <reporter-output>
  </reporter-output>
  <suite started-at="2025-08-02T23:03:22 IST" name="Default suite" finished-at="2025-08-02T23:03:54 IST" duration-ms="31925">
    <groups>
    </groups>
    <test started-at="2025-08-02T23:03:22 IST" name="Default test" finished-at="2025-08-02T23:03:54 IST" duration-ms="31925">
      <class name="com.MobileTest.Capabilities.MobileScenarios.NewTest">
        <test-method signature="testAppManagement()[pri:0, instance:com.MobileTest.Capabilities.MobileScenarios.NewTest@130161f7]" started-at="2025-08-02T23:03:22 IST" name="testAppManagement" finished-at="2025-08-02T23:03:54 IST" duration-ms="31858" status="PASS">
          <reporter-output>
          </reporter-output>
        </test-method> <!-- testAppManagement -->
      </class> <!-- com.MobileTest.Capabilities.MobileScenarios.NewTest -->
    </test> <!-- Default test -->
  </suite> <!-- Default suite -->
</testng-results>
