<?xml version="1.0" encoding="UTF-8"?>
<testng-results ignored="0" total="1" passed="1" failed="0" skipped="0">
  <reporter-output>
  </reporter-output>
  <suite started-at="2025-08-30T14:43:21 IST" name="Default suite" finished-at="2025-08-30T14:43:38 IST" duration-ms="17510">
    <groups>
    </groups>
    <test started-at="2025-08-30T14:43:21 IST" name="Default test" finished-at="2025-08-30T14:43:38 IST" duration-ms="17510">
      <class name="com.webtesting.CRMTest">
        <test-method signature="LoginFunction()[pri:0, instance:com.webtesting.CRMTest@393671df]" started-at="2025-08-30T14:43:21 IST" name="LoginFunction" finished-at="2025-08-30T14:43:38 IST" duration-ms="17424" status="PASS">
          <reporter-output>
          </reporter-output>
        </test-method> <!-- LoginFunction -->
      </class> <!-- com.webtesting.CRMTest -->
    </test> <!-- Default test -->
  </suite> <!-- Default suite -->
</testng-results>
