<?xml version="1.0" encoding="UTF-8"?>
<testng-results ignored="0" total="1" passed="1" failed="0" skipped="0">
  <reporter-output>
  </reporter-output>
  <suite started-at="2025-09-04T00:17:50 IST" name="CapstoneProject" finished-at="2025-09-04T00:18:29 IST" duration-ms="39759">
    <groups>
    </groups>
    <test started-at="2025-09-04T00:17:50 IST" name="OHRM" finished-at="2025-09-04T00:18:29 IST" duration-ms="39759">
      <class name="com.Capstone.OHRM.OrangeHRMTest">
        <test-method is-config="true" signature="setup()[pri:0, instance:com.Capstone.OHRM.OrangeHRMTest@19932c16]" started-at="2025-09-04T00:17:50 IST" name="setup" finished-at="2025-09-04T00:17:58 IST" duration-ms="8558" status="PASS">
          <reporter-output>
          </reporter-output>
        </test-method> <!-- setup -->
        <test-method signature="AllData(java.lang.String,java.lang.String,java.lang.String,java.lang.String,java.lang.String,java.lang.String,java.lang.String)[pri:0, instance:com.Capstone.OHRM.OrangeHRMTest@19932c16]" started-at="2025-09-04T00:17:58 IST" name="AllData" data-provider="employeeData" finished-at="2025-09-04T00:18:29 IST" duration-ms="30618" status="PASS">
          <params>
            <param index="0">
              <value>
                <![CDATA[Admin]]>
              </value>
            </param>
            <param index="1">
              <value>
                <![CDATA[admin123]]>
              </value>
            </param>
            <param index="2">
              <value>
                <![CDATA[Anjan]]>
              </value>
            </param>
            <param index="3">
              <value>
                <![CDATA[Kumar]]>
              </value>
            </param>
            <param index="4">
              <value>
                <![CDATA[Roy]]>
              </value>
            </param>
            <param index="5">
              <value>
                <![CDATA[AnjanTest123]]>
              </value>
            </param>
            <param index="6">
              <value>
                <![CDATA[Zxcv@786b]]>
              </value>
            </param>
          </params>
          <reporter-output>
          </reporter-output>
        </test-method> <!-- AllData -->
        <test-method is-config="true" signature="close()[pri:0, instance:com.Capstone.OHRM.OrangeHRMTest@19932c16]" started-at="2025-09-04T00:18:29 IST" name="close" finished-at="2025-09-04T00:18:29 IST" duration-ms="303" status="PASS">
          <reporter-output>
          </reporter-output>
        </test-method> <!-- close -->
      </class> <!-- com.Capstone.OHRM.OrangeHRMTest -->
    </test> <!-- OHRM -->
  </suite> <!-- CapstoneProject -->
</testng-results>
