<?xml version="1.0" encoding="UTF-8"?>
<!-- Generated by org.testng.reporters.JUnitXMLReporter -->
<testsuite ignored="0" hostname="LAP_S_073" failures="0" tests="4" name="My Test" time="36.67" errors="0" timestamp="2025-07-22T14:29:23 IST">
  <testcase classname="com.TestNGDemo.BeforeAndAfterTestMethod" name="launchMyntra" time="32.752"/>
  <testcase classname="com.TestNGDemo.BeforeAndAfterTestMethod" name="launchFlipkart" time="32.763"/>
  <testcase classname="com.TestNGDemo.BeforeAndAfterTestMethod" name="launchLenskart" time="32.777"/>
  <testcase classname="com.TestNGDemo.BeforeAndAfterTestMethod" name="launchAmazon" time="32.784"/>
</testsuite> <!-- My Test -->
