<?xml version="1.0" encoding="UTF-8"?>
<!-- Generated by org.testng.reporters.JUnitXMLReporter -->
<testsuite ignored="0" hostname="LAP_S_073" failures="0" tests="8" name="Run Test" time="126.712" errors="0" timestamp="2025-07-22T14:22:14 IST">
  <testcase classname="com.TestNGDemo.D05LenskartTest" name="EYEGLASSES" time="6.966"/>
  <testcase classname="com.TestNGDemo.D05LenskartTest" name="SCREENGLASSES" time="5.99"/>
  <testcase classname="com.TestNGDemo.D05LenskartTest" name="KIDSGLASSES" time="6.578"/>
  <testcase classname="com.TestNGDemo.D05LenskartTest" name="SUNGLASSES" time="6.34"/>
  <testcase classname="com.TestNGDemo.DataProvider_OHRM" name="loginToOHRM" time="2.312"/>
  <testcase classname="com.TestNGDemo.DataProvider_OHRM" name="loginToOHRM" time="0.56"/>
  <testcase classname="com.TestNGDemo.DataProvider_OHRM" name="loginToOHRM" time="0.522"/>
  <testcase classname="com.TestNGDemo.DataProvider_OHRM" name="loginToOHRM" time="0.549"/>
</testsuite> <!-- Run Test -->
