<?xml version="1.0" encoding="UTF-8"?>
<!-- Generated by org.testng.reporters.JUnitXMLReporter -->
<testsuite ignored="2" hostname="LAP_S_073" failures="0" tests="2" name="RunTest" time="121.167" errors="0" timestamp="2025-06-12T18:44:03 IST">
  <testcase classname="com.TestNGDemo.D05LenskartTest" name="EYEGLASSES" time="31.831"/>
  <testcase classname="com.TestNGDemo.D05LenskartTest" name="KIDSGLASSES" time="10.558"/>
  <testcase classname="com.TestNGDemo.D05LenskartTest" name="SUNGLASSES" time="0.0">
    <ignored/>
  </testcase> <!-- SUNGLASSES -->
  <testcase classname="com.TestNGDemo.D05LenskartTest" name="SCREENGLASSES" time="0.0">
    <ignored/>
  </testcase> <!-- SCREENGLASSES -->
</testsuite> <!-- RunTest -->
